[2025-04-03 13:34:26,588 INFO] Missing transforms field for corpus_1 data, set to default: [].
[2025-04-03 13:34:26,589 WARNING] Corpus corpus_1's weight should be given. We default it to 1 for you.
[2025-04-03 13:34:26,589 INFO] Missing transforms field for valid data, set to default: [].
[2025-04-03 13:34:26,589 INFO] Parsed 2 corpora from -data.
[2025-04-03 13:34:26,589 INFO] Get special vocabs from Transforms: {'src': [], 'tgt': []}.
[2025-04-03 13:34:26,592 INFO] The first 10 tokens of the vocabs are:['<unk>', '<blank>', '<s>', '</s>', '|', 'J', '1H', '2H', 'm', 's']
[2025-04-03 13:34:26,592 INFO] The decoder start token is: <s>
[2025-04-03 13:34:26,592 INFO] Building model...
[2025-04-03 13:34:27,016 INFO] Switching model to float32 for amp/apex_amp
[2025-04-03 13:34:27,016 INFO] Non quantized layer compute is fp32
[2025-04-03 13:34:27,156 INFO] NMTModel(
  (encoder): TransformerEncoder(
    (embeddings): Embeddings(
      (make_embedding): Sequential(
        (emb_luts): Elementwise(
          (0): Embedding(3256, 512, padding_idx=1)
        )
        (pe): PositionalEncoding()
      )
      (dropout): Dropout(p=0.3, inplace=False)
    )
    (transformer): ModuleList(
      (0-3): 4 x TransformerEncoderLayer(
        (self_attn): MultiHeadedAttention(
          (linear_keys): Linear(in_features=512, out_features=512, bias=False)
          (linear_values): Linear(in_features=512, out_features=512, bias=False)
          (linear_query): Linear(in_features=512, out_features=512, bias=False)
          (softmax): Softmax(dim=-1)
          (dropout): Dropout(p=0.2, inplace=False)
          (final_linear): Linear(in_features=512, out_features=512, bias=False)
        )
        (feed_forward): PositionwiseFeedForward(
          (w_1): Linear(in_features=512, out_features=2048, bias=False)
          (w_2): Linear(in_features=2048, out_features=512, bias=False)
          (layer_norm): LayerNorm((512,), eps=1e-06, elementwise_affine=True)
          (dropout_1): Dropout(p=0.3, inplace=False)
          (dropout_2): Dropout(p=0.3, inplace=False)
        )
        (layer_norm): LayerNorm((512,), eps=1e-06, elementwise_affine=True)
        (dropout): Dropout(p=0.3, inplace=False)
      )
    )
    (layer_norm): LayerNorm((512,), eps=1e-06, elementwise_affine=True)
  )
  (decoder): TransformerDecoder(
    (embeddings): Embeddings(
      (make_embedding): Sequential(
        (emb_luts): Elementwise(
          (0): Embedding(64, 512, padding_idx=1)
        )
        (pe): PositionalEncoding()
      )
      (dropout): Dropout(p=0.3, inplace=False)
    )
    (layer_norm): LayerNorm((512,), eps=1e-06, elementwise_affine=True)
    (transformer_layers): ModuleList(
      (0-3): 4 x TransformerDecoderLayer(
        (self_attn): MultiHeadedAttention(
          (linear_keys): Linear(in_features=512, out_features=512, bias=False)
          (linear_values): Linear(in_features=512, out_features=512, bias=False)
          (linear_query): Linear(in_features=512, out_features=512, bias=False)
          (softmax): Softmax(dim=-1)
          (dropout): Dropout(p=0.2, inplace=False)
          (final_linear): Linear(in_features=512, out_features=512, bias=False)
        )
        (feed_forward): PositionwiseFeedForward(
          (w_1): Linear(in_features=512, out_features=2048, bias=False)
          (w_2): Linear(in_features=2048, out_features=512, bias=False)
          (layer_norm): LayerNorm((512,), eps=1e-06, elementwise_affine=True)
          (dropout_1): Dropout(p=0.3, inplace=False)
          (dropout_2): Dropout(p=0.3, inplace=False)
        )
        (layer_norm_1): LayerNorm((512,), eps=1e-06, elementwise_affine=True)
        (dropout): Dropout(p=0.3, inplace=False)
        (context_attn): MultiHeadedAttention(
          (linear_keys): Linear(in_features=512, out_features=512, bias=False)
          (linear_values): Linear(in_features=512, out_features=512, bias=False)
          (linear_query): Linear(in_features=512, out_features=512, bias=False)
          (softmax): Softmax(dim=-1)
          (dropout): Dropout(p=0.2, inplace=False)
          (final_linear): Linear(in_features=512, out_features=512, bias=False)
        )
        (layer_norm_2): LayerNorm((512,), eps=1e-06, elementwise_affine=True)
      )
    )
  )
  (generator): Linear(in_features=512, out_features=64, bias=True)
)
[2025-04-03 13:34:27,157 INFO] encoder: 14259200
[2025-04-03 13:34:27,157 INFO] decoder: 16856128
[2025-04-03 13:34:27,157 INFO] * number of parameters: 31115328
[2025-04-03 13:34:27,158 INFO] Trainable parameters = {'torch.float32': 31115328, 'torch.float16': 0, 'torch.uint8': 0, 'torch.int8': 0}
[2025-04-03 13:34:27,158 INFO] Non trainable parameters = {'torch.float32': 0, 'torch.float16': 0, 'torch.uint8': 0, 'torch.int8': 0}
[2025-04-03 13:34:27,158 INFO]  * src vocab size = 3256
[2025-04-03 13:34:27,158 INFO]  * tgt vocab size = 64
[2025-04-03 13:34:27,452 INFO] Starting training on GPU: [0]
[2025-04-03 13:34:27,452 INFO] Start training loop and validate every 10000 steps...
[2025-04-03 13:34:27,452 INFO] Scoring with: None
[2025-04-03 13:34:28,918 INFO] Weighted corpora loaded so far:
			* corpus_1: 1
[2025-04-03 13:34:28,918 INFO] Weighted corpora loaded so far:
			* corpus_1: 1
[2025-04-03 13:46:51,787 INFO] Step 1000/100000; acc: 49.4; ppl:   8.8; xent: 2.2; lr: 0.00012; sents:  465921; bsz: 4027/2228/58; 43277/23949 tok/s;    744 sec;
[2025-04-03 13:47:43,959 INFO] Weighted corpora loaded so far:
			* corpus_1: 2
[2025-04-03 13:47:44,600 INFO] Weighted corpora loaded so far:
			* corpus_1: 2
[2025-04-03 13:58:54,456 INFO] Step 2000/100000; acc: 70.1; ppl:   4.4; xent: 1.5; lr: 0.00025; sents:  467499; bsz: 4030/2229/58; 44608/24672 tok/s;   1467 sec;
[2025-04-03 14:01:14,605 INFO] Weighted corpora loaded so far:
			* corpus_1: 3
[2025-04-03 14:01:15,310 INFO] Weighted corpora loaded so far:
			* corpus_1: 3
[2025-04-03 14:10:56,130 INFO] Step 3000/100000; acc: 78.4; ppl:   3.5; xent: 1.3; lr: 0.00037; sents:  468604; bsz: 4027/2243/59; 44642/24867 tok/s;   2189 sec;
[2025-04-03 14:14:46,476 INFO] Weighted corpora loaded so far:
			* corpus_1: 4
[2025-04-03 14:14:47,786 INFO] Weighted corpora loaded so far:
			* corpus_1: 4
[2025-04-03 14:22:55,211 INFO] Step 4000/100000; acc: 83.4; ppl:   3.1; xent: 1.1; lr: 0.00049; sents:  466089; bsz: 4030/2223/58; 44830/24727 tok/s;   2908 sec;
[2025-04-03 14:28:10,799 INFO] Weighted corpora loaded so far:
			* corpus_1: 5
[2025-04-03 14:28:12,660 INFO] Weighted corpora loaded so far:
			* corpus_1: 5
[2025-04-03 14:34:54,101 INFO] Step 5000/100000; acc: 86.5; ppl:   2.9; xent: 1.1; lr: 0.00062; sents:  469150; bsz: 4026/2230/59; 44806/24821 tok/s;   3627 sec;
[2025-04-03 14:41:39,909 INFO] Weighted corpora loaded so far:
			* corpus_1: 6
[2025-04-03 14:41:42,132 INFO] Weighted corpora loaded so far:
			* corpus_1: 6
[2025-04-03 14:46:51,341 INFO] Step 6000/100000; acc: 88.5; ppl:   2.7; xent: 1.0; lr: 0.00074; sents:  466730; bsz: 4031/2236/58; 44962/24945 tok/s;   4344 sec;
[2025-04-03 14:55:04,329 INFO] Weighted corpora loaded so far:
			* corpus_1: 7
[2025-04-03 14:55:06,458 INFO] Weighted corpora loaded so far:
			* corpus_1: 7
[2025-04-03 14:58:49,362 INFO] Step 7000/100000; acc: 89.9; ppl:   2.6; xent: 1.0; lr: 0.00086; sents:  466630; bsz: 4027/2237/58; 44866/24923 tok/s;   5062 sec;
[2025-04-03 15:08:32,643 INFO] Weighted corpora loaded so far:
			* corpus_1: 8
[2025-04-03 15:08:35,606 INFO] Weighted corpora loaded so far:
			* corpus_1: 8
[2025-04-03 15:10:46,567 INFO] Step 8000/100000; acc: 91.0; ppl:   2.6; xent: 0.9; lr: 0.00099; sents:  465586; bsz: 4028/2218/58; 44934/24735 tok/s;   5779 sec;
[2025-04-03 15:21:57,181 INFO] Weighted corpora loaded so far:
			* corpus_1: 9
[2025-04-03 15:22:01,224 INFO] Weighted corpora loaded so far:
			* corpus_1: 9
[2025-04-03 15:22:44,950 INFO] Step 9000/100000; acc: 92.0; ppl:   2.5; xent: 0.9; lr: 0.00093; sents:  467092; bsz: 4028/2233/58; 44861/24871 tok/s;   6497 sec;
[2025-04-03 15:34:41,694 INFO] Step 10000/100000; acc: 92.9; ppl:   2.5; xent: 0.9; lr: 0.00088; sents:  465852; bsz: 4029/2227/58; 44975/24859 tok/s;   7214 sec;
[2025-04-03 15:38:27,611 INFO] valid stats calculation
                           took: 225.9161913394928 s.
[2025-04-03 15:38:27,612 INFO] Train perplexity: 3.28479
[2025-04-03 15:38:27,612 INFO] Train accuracy: 82.2038
[2025-04-03 15:38:27,612 INFO] Sentences processed: 4.66915e+06
[2025-04-03 15:38:27,612 INFO] Average bsz: 4028/2230/58
[2025-04-03 15:38:27,612 INFO] Validation perplexity: 2.44696
[2025-04-03 15:38:27,612 INFO] Validation accuracy: 94.0213
[2025-04-03 15:38:27,615 INFO] Saving checkpoint /home/ubuntu/tmp/nmr-to-structure-lite/003_big_ex-h_mono/lambda/20250403-133350/run/model_step_10000.pt
[2025-04-03 15:50:20,649 INFO] Step 11000/100000; acc: 93.6; ppl:   2.4; xent: 0.9; lr: 0.00084; sents:  466841; bsz: 4027/2230/58; 34308/18997 tok/s;   8153 sec;
[2025-04-03 15:52:11,784 INFO] Weighted corpora loaded so far:
			* corpus_1: 10
[2025-04-03 15:52:16,756 INFO] Weighted corpora loaded so far:
			* corpus_1: 10
[2025-04-03 16:02:20,563 INFO] Step 12000/100000; acc: 94.1; ppl:   2.4; xent: 0.9; lr: 0.00081; sents:  466148; bsz: 4029/2231/58; 44768/24787 tok/s;   8873 sec;
[2025-04-03 16:05:39,391 INFO] Weighted corpora loaded so far:
			* corpus_1: 11
[2025-04-03 16:05:44,513 INFO] Weighted corpora loaded so far:
			* corpus_1: 11
[2025-04-03 16:14:17,258 INFO] Step 13000/100000; acc: 94.5; ppl:   2.4; xent: 0.9; lr: 0.00078; sents:  466581; bsz: 4028/2232/58; 44962/24912 tok/s;   9590 sec;
[2025-04-03 16:19:08,399 INFO] Weighted corpora loaded so far:
			* corpus_1: 12
[2025-04-03 16:19:14,208 INFO] Weighted corpora loaded so far:
			* corpus_1: 12
[2025-04-03 16:26:21,119 INFO] Step 14000/100000; acc: 94.9; ppl:   2.4; xent: 0.9; lr: 0.00075; sents:  469216; bsz: 4028/2232/59; 44519/24666 tok/s;  10314 sec;
[2025-04-03 16:32:34,262 INFO] Weighted corpora loaded so far:
			* corpus_1: 13
[2025-04-03 16:32:40,033 INFO] Weighted corpora loaded so far:
			* corpus_1: 13
[2025-04-03 16:38:16,817 INFO] Step 15000/100000; acc: 95.2; ppl:   2.3; xent: 0.8; lr: 0.00072; sents:  463723; bsz: 4023/2224/58; 44972/24860 tok/s;  11029 sec;
[2025-04-03 16:46:00,999 INFO] Weighted corpora loaded so far:
			* corpus_1: 14
[2025-04-03 16:46:07,603 INFO] Weighted corpora loaded so far:
			* corpus_1: 14
[2025-04-03 16:50:13,131 INFO] Step 16000/100000; acc: 95.4; ppl:   2.3; xent: 0.8; lr: 0.00070; sents:  469866; bsz: 4030/2243/59; 45005/25049 tok/s;  11746 sec;
[2025-04-03 16:59:25,414 INFO] Weighted corpora loaded so far:
			* corpus_1: 15
[2025-04-03 16:59:32,156 INFO] Weighted corpora loaded so far:
			* corpus_1: 15
[2025-04-03 17:02:08,521 INFO] Step 17000/100000; acc: 95.7; ppl:   2.3; xent: 0.8; lr: 0.00068; sents:  465882; bsz: 4030/2217/58; 45064/24788 tok/s;  12461 sec;
[2025-04-03 17:12:51,411 INFO] Weighted corpora loaded so far:
			* corpus_1: 16
[2025-04-03 17:12:59,487 INFO] Weighted corpora loaded so far:
			* corpus_1: 16
[2025-04-03 17:14:05,939 INFO] Step 18000/100000; acc: 95.8; ppl:   2.3; xent: 0.8; lr: 0.00066; sents:  467704; bsz: 4028/2237/58; 44912/24946 tok/s;  13178 sec;
[2025-04-03 17:26:03,610 INFO] Step 19000/100000; acc: 96.0; ppl:   2.3; xent: 0.8; lr: 0.00064; sents:  466978; bsz: 4028/2230/58; 44897/24862 tok/s;  13896 sec;
[2025-04-03 17:26:16,424 INFO] Weighted corpora loaded so far:
			* corpus_1: 17
[2025-04-03 17:26:24,827 INFO] Weighted corpora loaded so far:
			* corpus_1: 17
[2025-04-03 17:38:00,741 INFO] Step 20000/100000; acc: 96.2; ppl:   2.3; xent: 0.8; lr: 0.00062; sents:  465025; bsz: 4027/2229/58; 44920/24861 tok/s;  14613 sec;
[2025-04-03 17:41:39,662 INFO] valid stats calculation
                           took: 218.92054080963135 s.
[2025-04-03 17:41:39,663 INFO] Train perplexity: 2.7716
[2025-04-03 17:41:39,663 INFO] Train accuracy: 88.6664
[2025-04-03 17:41:39,663 INFO] Sentences processed: 9.33712e+06
[2025-04-03 17:41:39,663 INFO] Average bsz: 4028/2230/58
[2025-04-03 17:41:39,664 INFO] Validation perplexity: 2.32673
[2025-04-03 17:41:39,664 INFO] Validation accuracy: 96.5662
[2025-04-03 17:41:39,666 INFO] Saving checkpoint /home/ubuntu/tmp/nmr-to-structure-lite/003_big_ex-h_mono/lambda/20250403-133350/run/model_step_20000.pt
[2025-04-03 17:43:20,025 INFO] Weighted corpora loaded so far:
			* corpus_1: 18
[2025-04-03 17:43:28,774 INFO] Weighted corpora loaded so far:
			* corpus_1: 18
[2025-04-03 17:53:31,910 INFO] Step 21000/100000; acc: 96.4; ppl:   2.3; xent: 0.8; lr: 0.00061; sents:  467246; bsz: 4029/2230/58; 34611/19160 tok/s;  15544 sec;
[2025-04-03 18:05:26,004 INFO] Step 22000/100000; acc: 96.5; ppl:   2.3; xent: 0.8; lr: 0.00060; sents:  468210; bsz: 4027/2236/59; 45119/25051 tok/s;  16259 sec;
[2025-04-03 18:09:42,142 INFO] Weighted corpora loaded so far:
			* corpus_1: 19
[2025-04-03 18:09:51,376 INFO] Weighted corpora loaded so far:
			* corpus_1: 19
[2025-04-03 18:17:20,432 INFO] Step 23000/100000; acc: 96.6; ppl:   2.3; xent: 0.8; lr: 0.00058; sents:  467259; bsz: 4028/2235/58; 45104/25027 tok/s;  16973 sec;
[2025-04-03 18:23:03,437 INFO] Weighted corpora loaded so far:
			* corpus_1: 20
[2025-04-03 18:23:14,072 INFO] Weighted corpora loaded so far:
			* corpus_1: 20
[2025-04-03 18:29:14,057 INFO] Step 24000/100000; acc: 96.7; ppl:   2.3; xent: 0.8; lr: 0.00057; sents:  465719; bsz: 4028/2230/58; 45158/24999 tok/s;  17687 sec;
[2025-04-03 18:36:27,513 INFO] Weighted corpora loaded so far:
			* corpus_1: 21
[2025-04-03 18:36:38,319 INFO] Weighted corpora loaded so far:
			* corpus_1: 21
[2025-04-03 18:41:08,476 INFO] Step 25000/100000; acc: 96.8; ppl:   2.2; xent: 0.8; lr: 0.00056; sents:  468315; bsz: 4026/2225/59; 45086/24912 tok/s;  18401 sec;
[2025-04-03 18:49:50,866 INFO] Weighted corpora loaded so far:
			* corpus_1: 22
[2025-04-03 18:49:58,787 INFO] Weighted corpora loaded so far:
			* corpus_1: 22
[2025-04-03 18:53:02,442 INFO] Step 26000/100000; acc: 96.9; ppl:   2.2; xent: 0.8; lr: 0.00055; sents:  465959; bsz: 4030/2227/58; 45156/24958 tok/s;  19115 sec;
[2025-04-03 19:03:11,066 INFO] Weighted corpora loaded so far:
			* corpus_1: 23
[2025-04-03 19:03:22,736 INFO] Weighted corpora loaded so far:
			* corpus_1: 23
[2025-04-03 19:04:57,996 INFO] Step 27000/100000; acc: 97.0; ppl:   2.2; xent: 0.8; lr: 0.00054; sents:  467360; bsz: 4028/2230/58; 45030/24934 tok/s;  19831 sec;
[2025-04-03 19:16:33,917 INFO] Weighted corpora loaded so far:
			* corpus_1: 24
[2025-04-03 19:16:50,000 INFO] Weighted corpora loaded so far:
			* corpus_1: 24
[2025-04-03 19:16:51,418 INFO] Step 28000/100000; acc: 97.1; ppl:   2.2; xent: 0.8; lr: 0.00053; sents:  466843; bsz: 4028/2231/58; 45171/25013 tok/s;  20544 sec;
[2025-04-03 19:28:47,300 INFO] Step 29000/100000; acc: 97.2; ppl:   2.2; xent: 0.8; lr: 0.00052; sents:  466025; bsz: 4026/2236/58; 44988/24988 tok/s;  21260 sec;
[2025-04-03 19:29:56,947 INFO] Weighted corpora loaded so far:
			* corpus_1: 25
[2025-04-03 19:30:09,863 INFO] Weighted corpora loaded so far:
			* corpus_1: 25
[2025-04-03 19:40:40,978 INFO] Step 30000/100000; acc: 97.2; ppl:   2.2; xent: 0.8; lr: 0.00051; sents:  468434; bsz: 4030/2230/59; 45177/24996 tok/s;  21974 sec;
[2025-04-03 19:44:21,210 INFO] valid stats calculation
                           took: 220.23104858398438 s.
[2025-04-03 19:44:21,211 INFO] Train perplexity: 2.58338
[2025-04-03 19:44:21,211 INFO] Train accuracy: 91.3884
[2025-04-03 19:44:21,211 INFO] Sentences processed: 1.40085e+07
[2025-04-03 19:44:21,211 INFO] Average bsz: 4028/2231/58
[2025-04-03 19:44:21,211 INFO] Validation perplexity: 2.30378
[2025-04-03 19:44:21,211 INFO] Validation accuracy: 97.2355
[2025-04-03 19:44:21,213 INFO] Saving checkpoint /home/ubuntu/tmp/nmr-to-structure-lite/003_big_ex-h_mono/lambda/20250403-133350/run/model_step_30000.pt
[2025-04-03 19:47:00,172 INFO] Weighted corpora loaded so far:
			* corpus_1: 26
[2025-04-03 19:47:14,155 INFO] Weighted corpora loaded so far:
			* corpus_1: 26
[2025-04-03 19:56:13,795 INFO] Step 31000/100000; acc: 97.3; ppl:   2.2; xent: 0.8; lr: 0.00050; sents:  466659; bsz: 4027/2231/58; 34539/19136 tok/s;  22906 sec;
[2025-04-03 20:00:20,596 INFO] Weighted corpora loaded so far:
			* corpus_1: 27
[2025-04-03 20:00:32,560 INFO] Weighted corpora loaded so far:
			* corpus_1: 27
[2025-04-03 20:08:08,453 INFO] Step 32000/100000; acc: 97.4; ppl:   2.2; xent: 0.8; lr: 0.00049; sents:  467694; bsz: 4026/2227/58; 45067/24931 tok/s;  23621 sec;
[2025-04-03 20:20:02,670 INFO] Step 33000/100000; acc: 97.4; ppl:   2.2; xent: 0.8; lr: 0.00049; sents:  465718; bsz: 4032/2228/58; 45167/24957 tok/s;  24335 sec;
[2025-04-03 20:26:44,649 INFO] Weighted corpora loaded so far:
			* corpus_1: 28
[2025-04-03 20:27:00,492 INFO] Weighted corpora loaded so far:
			* corpus_1: 28
[2025-04-03 20:31:57,305 INFO] Step 34000/100000; acc: 97.5; ppl:   2.2; xent: 0.8; lr: 0.00048; sents:  469390; bsz: 4026/2233/59; 45074/24997 tok/s;  25050 sec;
[2025-04-03 20:40:07,147 INFO] Weighted corpora loaded so far:
			* corpus_1: 29
[2025-04-03 20:40:25,876 INFO] Weighted corpora loaded so far:
			* corpus_1: 29
[2025-04-03 20:43:52,037 INFO] Step 35000/100000; acc: 97.5; ppl:   2.2; xent: 0.8; lr: 0.00047; sents:  465953; bsz: 4028/2231/58; 45080/24969 tok/s;  25765 sec;
[2025-04-03 20:53:28,288 INFO] Weighted corpora loaded so far:
			* corpus_1: 30
[2025-04-03 20:53:44,933 INFO] Weighted corpora loaded so far:
			* corpus_1: 30
[2025-04-03 20:55:47,663 INFO] Step 36000/100000; acc: 97.6; ppl:   2.2; xent: 0.8; lr: 0.00047; sents:  465429; bsz: 4028/2231/58; 45032/24937 tok/s;  26480 sec;
[2025-04-03 21:06:54,295 INFO] Weighted corpora loaded so far:
			* corpus_1: 31
[2025-04-03 21:07:11,512 INFO] Weighted corpora loaded so far:
			* corpus_1: 31
[2025-04-03 21:07:42,973 INFO] Step 37000/100000; acc: 97.6; ppl:   2.2; xent: 0.8; lr: 0.00046; sents:  466971; bsz: 4029/2228/58; 45055/24921 tok/s;  27196 sec;
[2025-04-03 21:19:36,618 INFO] Step 38000/100000; acc: 97.7; ppl:   2.2; xent: 0.8; lr: 0.00045; sents:  466025; bsz: 4028/2231/58; 45152/25015 tok/s;  27909 sec;
[2025-04-03 21:20:20,987 INFO] Weighted corpora loaded so far:
			* corpus_1: 32
[2025-04-03 21:20:31,471 INFO] Weighted corpora loaded so far:
			* corpus_1: 32
[2025-04-03 21:31:31,883 INFO] Step 39000/100000; acc: 97.7; ppl:   2.2; xent: 0.8; lr: 0.00045; sents:  469029; bsz: 4030/2236/59; 45074/25007 tok/s;  28624 sec;
[2025-04-03 21:33:40,212 INFO] Weighted corpora loaded so far:
			* corpus_1: 33
[2025-04-03 21:33:58,411 INFO] Weighted corpora loaded so far:
			* corpus_1: 33
[2025-04-03 21:43:24,996 INFO] Step 40000/100000; acc: 97.8; ppl:   2.2; xent: 0.8; lr: 0.00044; sents:  465460; bsz: 4025/2220/58; 45150/24906 tok/s;  29338 sec;
[2025-04-03 21:47:00,689 INFO] valid stats calculation
                           took: 215.69115614891052 s.
[2025-04-03 21:47:00,690 INFO] Train perplexity: 2.48329
[2025-04-03 21:47:00,690 INFO] Train accuracy: 92.9285
[2025-04-03 21:47:00,690 INFO] Sentences processed: 1.86768e+07
[2025-04-03 21:47:00,690 INFO] Average bsz: 4028/2230/58
[2025-04-03 21:47:00,690 INFO] Validation perplexity: 2.29463
[2025-04-03 21:47:00,690 INFO] Validation accuracy: 97.5538
[2025-04-03 21:47:00,692 INFO] Saving checkpoint /home/ubuntu/tmp/nmr-to-structure-lite/003_big_ex-h_mono/lambda/20250403-133350/run/model_step_40000.pt
[2025-04-03 21:50:37,463 INFO] Weighted corpora loaded so far:
			* corpus_1: 34
[2025-04-03 21:50:52,613 INFO] Weighted corpora loaded so far:
			* corpus_1: 34
[2025-04-03 21:58:53,222 INFO] Step 41000/100000; acc: 97.8; ppl:   2.2; xent: 0.8; lr: 0.00044; sents:  469889; bsz: 4028/2239/59; 34719/19294 tok/s;  30266 sec;
[2025-04-03 22:03:55,624 INFO] Weighted corpora loaded so far:
			* corpus_1: 35
[2025-04-03 22:04:15,469 INFO] Weighted corpora loaded so far:
			* corpus_1: 35
[2025-04-03 22:10:47,123 INFO] Step 42000/100000; acc: 97.8; ppl:   2.2; xent: 0.8; lr: 0.00043; sents:  467658; bsz: 4029/2236/58; 45154/25062 tok/s;  30980 sec;
[2025-04-03 22:17:20,588 INFO] Weighted corpora loaded so far:
			* corpus_1: 36
[2025-04-03 22:17:36,390 INFO] Weighted corpora loaded so far:
			* corpus_1: 36
[2025-04-03 22:22:40,665 INFO] Step 43000/100000; acc: 97.9; ppl:   2.2; xent: 0.8; lr: 0.00043; sents:  465559; bsz: 4028/2236/58; 45160/25072 tok/s;  31693 sec;
[2025-04-03 22:34:32,256 INFO] Step 44000/100000; acc: 97.9; ppl:   2.2; xent: 0.8; lr: 0.00042; sents:  465598; bsz: 4026/2211/58; 45265/24862 tok/s;  32405 sec;
[2025-04-03 22:43:40,360 INFO] Weighted corpora loaded so far:
			* corpus_1: 37
[2025-04-03 22:44:01,196 INFO] Weighted corpora loaded so far:
			* corpus_1: 37
[2025-04-03 22:46:25,975 INFO] Step 45000/100000; acc: 98.0; ppl:   2.2; xent: 0.8; lr: 0.00042; sents:  466099; bsz: 4027/2227/58; 45141/24967 tok/s;  33119 sec;
[2025-04-03 22:57:01,054 INFO] Weighted corpora loaded so far:
			* corpus_1: 38
[2025-04-03 22:57:22,742 INFO] Weighted corpora loaded so far:
			* corpus_1: 38
[2025-04-03 22:58:22,918 INFO] Step 46000/100000; acc: 98.0; ppl:   2.2; xent: 0.8; lr: 0.00041; sents:  467112; bsz: 4028/2240/58; 44948/24997 tok/s;  33835 sec;
[2025-04-03 23:10:15,552 INFO] Step 47000/100000; acc: 98.0; ppl:   2.2; xent: 0.8; lr: 0.00041; sents:  466677; bsz: 4028/2227/58; 45224/25003 tok/s;  34548 sec;
[2025-04-03 23:10:27,975 INFO] Weighted corpora loaded so far:
			* corpus_1: 39
[2025-04-03 23:10:47,214 INFO] Weighted corpora loaded so far:
			* corpus_1: 39
[2025-04-03 23:22:09,654 INFO] Step 48000/100000; acc: 98.1; ppl:   2.2; xent: 0.8; lr: 0.00040; sents:  468338; bsz: 4030/2233/59; 45147/25013 tok/s;  35262 sec;
[2025-04-03 23:23:45,828 INFO] Weighted corpora loaded so far:
			* corpus_1: 40
[2025-04-03 23:24:08,781 INFO] Weighted corpora loaded so far:
			* corpus_1: 40
[2025-04-03 23:34:02,491 INFO] Step 49000/100000; acc: 98.1; ppl:   2.2; xent: 0.8; lr: 0.00040; sents:  465173; bsz: 4025/2226/58; 45175/24986 tok/s;  35975 sec;
[2025-04-03 23:37:09,808 INFO] Weighted corpora loaded so far:
			* corpus_1: 41
[2025-04-03 23:37:29,298 INFO] Weighted corpora loaded so far:
			* corpus_1: 41
[2025-04-03 23:45:56,014 INFO] Step 50000/100000; acc: 98.1; ppl:   2.2; xent: 0.8; lr: 0.00040; sents:  466956; bsz: 4027/2233/58; 45146/25034 tok/s;  36689 sec;
[2025-04-03 23:49:32,391 INFO] valid stats calculation
                           took: 216.3754711151123 s.
[2025-04-03 23:49:32,391 INFO] Train perplexity: 2.42004
[2025-04-03 23:49:32,391 INFO] Train accuracy: 93.9385
[2025-04-03 23:49:32,392 INFO] Sentences processed: 2.33459e+07
[2025-04-03 23:49:32,392 INFO] Average bsz: 4028/2230/58
[2025-04-03 23:49:32,392 INFO] Validation perplexity: 2.28912
[2025-04-03 23:49:32,392 INFO] Validation accuracy: 97.7404
[2025-04-03 23:49:32,394 INFO] Saving checkpoint /home/ubuntu/tmp/nmr-to-structure-lite/003_big_ex-h_mono/lambda/20250403-133350/run/model_step_50000.pt
[2025-04-03 23:54:03,573 INFO] Weighted corpora loaded so far:
			* corpus_1: 42
[2025-04-03 23:54:27,982 INFO] Weighted corpora loaded so far:
			* corpus_1: 42
[2025-04-04 00:01:21,991 INFO] Step 51000/100000; acc: 98.2; ppl:   2.2; xent: 0.8; lr: 0.00039; sents:  467124; bsz: 4028/2231/58; 34796/19277 tok/s;  37615 sec;
[2025-04-04 00:07:22,826 INFO] Weighted corpora loaded so far:
			* corpus_1: 43
[2025-04-04 00:07:48,035 INFO] Weighted corpora loaded so far:
			* corpus_1: 43
[2025-04-04 00:13:17,415 INFO] Step 52000/100000; acc: 98.2; ppl:   2.2; xent: 0.8; lr: 0.00039; sents:  467735; bsz: 4031/2238/58; 45071/25021 tok/s;  38330 sec;
[2025-04-04 00:20:45,714 INFO] Weighted corpora loaded so far:
			* corpus_1: 44
[2025-04-04 00:21:10,624 INFO] Weighted corpora loaded so far:
			* corpus_1: 44
[2025-04-04 00:25:09,337 INFO] Step 53000/100000; acc: 98.2; ppl:   2.2; xent: 0.8; lr: 0.00038; sents:  465671; bsz: 4024/2219/58; 45219/24941 tok/s;  39042 sec;
[2025-04-04 00:34:06,068 INFO] Weighted corpora loaded so far:
			* corpus_1: 45
[2025-04-04 00:34:34,503 INFO] Weighted corpora loaded so far:
			* corpus_1: 45
[2025-04-04 00:37:03,319 INFO] Step 54000/100000; acc: 98.2; ppl:   2.2; xent: 0.8; lr: 0.00038; sents:  467178; bsz: 4031/2234/58; 45168/25037 tok/s;  39756 sec;
[2025-04-04 00:49:00,325 INFO] Step 55000/100000; acc: 98.3; ppl:   2.2; xent: 0.8; lr: 0.00038; sents:  469363; bsz: 4028/2233/59; 44945/24910 tok/s;  40473 sec;
[2025-04-04 01:00:33,392 INFO] Weighted corpora loaded so far:
			* corpus_1: 46
[2025-04-04 01:00:53,107 INFO] Step 56000/100000; acc: 98.3; ppl:   2.2; xent: 0.8; lr: 0.00037; sents:  465397; bsz: 4028/2228/58; 45206/25001 tok/s;  41186 sec;
[2025-04-04 01:00:59,981 INFO] Weighted corpora loaded so far:
			* corpus_1: 46
[2025-04-04 01:12:46,048 INFO] Step 57000/100000; acc: 98.3; ppl:   2.2; xent: 0.8; lr: 0.00037; sents:  467583; bsz: 4027/2228/58; 45185/24996 tok/s;  41899 sec;
[2025-04-04 01:13:53,805 INFO] Weighted corpora loaded so far:
			* corpus_1: 47
[2025-04-04 01:14:21,698 INFO] Weighted corpora loaded so far:
			* corpus_1: 47
[2025-04-04 01:24:39,447 INFO] Step 58000/100000; acc: 98.3; ppl:   2.2; xent: 0.8; lr: 0.00037; sents:  465806; bsz: 4030/2234/58; 45192/25047 tok/s;  42612 sec;
[2025-04-04 01:27:18,118 INFO] Weighted corpora loaded so far:
			* corpus_1: 48
[2025-04-04 01:27:45,537 INFO] Weighted corpora loaded so far:
			* corpus_1: 48
[2025-04-04 01:36:34,782 INFO] Step 59000/100000; acc: 98.4; ppl:   2.2; xent: 0.8; lr: 0.00036; sents:  465993; bsz: 4028/2229/58; 45045/24926 tok/s;  43327 sec;
[2025-04-04 01:40:36,862 INFO] Weighted corpora loaded so far:
			* corpus_1: 49
[2025-04-04 01:41:05,559 INFO] Weighted corpora loaded so far:
			* corpus_1: 49
[2025-04-04 01:48:33,480 INFO] Step 60000/100000; acc: 98.4; ppl:   2.2; xent: 0.8; lr: 0.00036; sents:  468305; bsz: 4026/2243/59; 44809/24965 tok/s;  44046 sec;
[2025-04-04 01:52:08,264 INFO] valid stats calculation
                           took: 214.78277254104614 s.
[2025-04-04 01:52:08,265 INFO] Train perplexity: 2.37597
[2025-04-04 01:52:08,265 INFO] Train accuracy: 94.6596
[2025-04-04 01:52:08,265 INFO] Sentences processed: 2.8016e+07
[2025-04-04 01:52:08,265 INFO] Average bsz: 4028/2231/58
[2025-04-04 01:52:08,265 INFO] Validation perplexity: 2.28669
[2025-04-04 01:52:08,265 INFO] Validation accuracy: 97.868
[2025-04-04 01:52:08,268 INFO] Saving checkpoint /home/ubuntu/tmp/nmr-to-structure-lite/003_big_ex-h_mono/lambda/20250403-133350/run/model_step_60000.pt
[2025-04-04 01:57:40,208 INFO] Weighted corpora loaded so far:
			* corpus_1: 50
[2025-04-04 01:58:05,992 INFO] Weighted corpora loaded so far:
			* corpus_1: 50
[2025-04-04 02:03:59,908 INFO] Step 61000/100000; acc: 98.4; ppl:   2.2; xent: 0.8; lr: 0.00036; sents:  466576; bsz: 4028/2217/58; 34780/19142 tok/s;  44972 sec;
[2025-04-04 02:10:59,458 INFO] Weighted corpora loaded so far:
			* corpus_1: 51
[2025-04-04 02:11:32,168 INFO] Weighted corpora loaded so far:
			* corpus_1: 51
[2025-04-04 02:16:08,056 INFO] Step 62000/100000; acc: 98.4; ppl:   2.2; xent: 0.8; lr: 0.00035; sents:  467648; bsz: 4030/2232/58; 44271/24517 tok/s;  45701 sec;
[2025-04-04 02:24:38,663 INFO] Weighted corpora loaded so far:
			* corpus_1: 52
[2025-04-04 02:25:06,024 INFO] Weighted corpora loaded so far:
			* corpus_1: 52
[2025-04-04 02:28:02,912 INFO] Step 63000/100000; acc: 98.4; ppl:   2.2; xent: 0.8; lr: 0.00035; sents:  465749; bsz: 4029/2231/58; 45083/24972 tok/s;  46415 sec;
[2025-04-04 02:37:56,347 INFO] Weighted corpora loaded so far:
			* corpus_1: 53
[2025-04-04 02:38:31,528 INFO] Weighted corpora loaded so far:
			* corpus_1: 53
[2025-04-04 02:39:55,872 INFO] Step 64000/100000; acc: 98.4; ppl:   2.2; xent: 0.8; lr: 0.00035; sents:  467900; bsz: 4027/2233/58; 45182/25054 tok/s;  47128 sec;
[2025-04-04 02:51:20,647 INFO] Weighted corpora loaded so far:
			* corpus_1: 54
[2025-04-04 02:51:48,704 INFO] Step 65000/100000; acc: 98.5; ppl:   2.2; xent: 0.8; lr: 0.00035; sents:  466880; bsz: 4029/2231/58; 45221/25037 tok/s;  47841 sec;
[2025-04-04 02:51:50,760 INFO] Weighted corpora loaded so far:
			* corpus_1: 54
[2025-04-04 03:03:41,448 INFO] Step 66000/100000; acc: 98.5; ppl:   2.2; xent: 0.8; lr: 0.00034; sents:  467305; bsz: 4029/2229/58; 45223/25024 tok/s;  48554 sec;
[2025-04-04 03:15:41,214 INFO] Step 67000/100000; acc: 98.5; ppl:   2.2; xent: 0.8; lr: 0.00034; sents:  466467; bsz: 4028/2235/58; 44768/24844 tok/s;  49274 sec;
[2025-04-04 03:17:46,492 INFO] Weighted corpora loaded so far:
			* corpus_1: 55
[2025-04-04 03:18:19,359 INFO] Weighted corpora loaded so far:
			* corpus_1: 55
[2025-04-04 03:27:34,598 INFO] Step 68000/100000; acc: 98.5; ppl:   2.2; xent: 0.8; lr: 0.00034; sents:  467552; bsz: 4031/2225/58; 45199/24956 tok/s;  49987 sec;
[2025-04-04 03:31:07,221 INFO] Weighted corpora loaded so far:
			* corpus_1: 56
[2025-04-04 03:31:40,198 INFO] Weighted corpora loaded so far:
			* corpus_1: 56
[2025-04-04 03:39:27,171 INFO] Step 69000/100000; acc: 98.5; ppl:   2.2; xent: 0.8; lr: 0.00034; sents:  467126; bsz: 4028/2228/58; 45218/25019 tok/s;  50700 sec;
[2025-04-04 03:44:29,990 INFO] Weighted corpora loaded so far:
			* corpus_1: 57
[2025-04-04 03:45:01,365 INFO] Weighted corpora loaded so far:
			* corpus_1: 57
[2025-04-04 03:51:21,092 INFO] Step 70000/100000; acc: 98.5; ppl:   2.2; xent: 0.8; lr: 0.00033; sents:  465717; bsz: 4025/2240/58; 45099/25096 tok/s;  51414 sec;
[2025-04-04 03:54:58,881 INFO] valid stats calculation
                           took: 217.78808522224426 s.
[2025-04-04 03:54:58,883 INFO] Train perplexity: 2.34329
[2025-04-04 03:54:58,883 INFO] Train accuracy: 95.2041
[2025-04-04 03:54:58,883 INFO] Sentences processed: 3.26849e+07
[2025-04-04 03:54:58,883 INFO] Average bsz: 4028/2231/58
[2025-04-04 03:54:58,883 INFO] Validation perplexity: 2.28835
[2025-04-04 03:54:58,883 INFO] Validation accuracy: 97.9214
[2025-04-04 03:54:58,884 INFO] Saving checkpoint /home/ubuntu/tmp/nmr-to-structure-lite/003_big_ex-h_mono/lambda/20250403-133350/run/model_step_70000.pt
[2025-04-04 04:01:22,881 INFO] Weighted corpora loaded so far:
			* corpus_1: 58
[2025-04-04 04:02:00,336 INFO] Weighted corpora loaded so far:
			* corpus_1: 58
[2025-04-04 04:06:49,003 INFO] Step 71000/100000; acc: 98.6; ppl:   2.2; xent: 0.8; lr: 0.00033; sents:  467649; bsz: 4029/2229/58; 34735/19221 tok/s;  52342 sec;
[2025-04-04 04:14:46,941 INFO] Weighted corpora loaded so far:
			* corpus_1: 59
[2025-04-04 04:15:24,250 INFO] Weighted corpora loaded so far:
			* corpus_1: 59
[2025-04-04 04:18:41,649 INFO] Step 72000/100000; acc: 98.6; ppl:   2.2; xent: 0.8; lr: 0.00033; sents:  464596; bsz: 4029/2221/58; 45227/24935 tok/s;  53054 sec;
[2025-04-04 04:28:11,353 INFO] Weighted corpora loaded so far:
			* corpus_1: 60
[2025-04-04 04:28:43,037 INFO] Weighted corpora loaded so far:
			* corpus_1: 60
[2025-04-04 04:30:36,484 INFO] Step 73000/100000; acc: 98.6; ppl:   2.2; xent: 0.8; lr: 0.00033; sents:  468927; bsz: 4028/2233/59; 45079/24987 tok/s;  53769 sec;
[2025-04-04 04:41:28,471 INFO] Weighted corpora loaded so far:
			* corpus_1: 61
[2025-04-04 04:42:04,205 INFO] Weighted corpora loaded so far:
			* corpus_1: 61
[2025-04-04 04:42:30,881 INFO] Step 74000/100000; acc: 98.6; ppl:   2.1; xent: 0.8; lr: 0.00032; sents:  467426; bsz: 4028/2236/58; 45112/25035 tok/s;  54483 sec;
[2025-04-04 04:54:24,138 INFO] Step 75000/100000; acc: 98.6; ppl:   2.1; xent: 0.8; lr: 0.00032; sents:  467346; bsz: 4028/2232/58; 45181/25030 tok/s;  55197 sec;
[2025-04-04 04:54:54,036 INFO] Weighted corpora loaded so far:
			* corpus_1: 62
[2025-04-04 04:55:28,474 INFO] Weighted corpora loaded so far:
			* corpus_1: 62
[2025-04-04 05:06:18,668 INFO] Step 76000/100000; acc: 98.6; ppl:   2.1; xent: 0.8; lr: 0.00032; sents:  466920; bsz: 4028/2231/58; 45103/24974 tok/s;  55911 sec;
[2025-04-04 05:08:12,543 INFO] Weighted corpora loaded so far:
			* corpus_1: 63
[2025-04-04 05:08:48,403 INFO] Weighted corpora loaded so far:
			* corpus_1: 63
[2025-04-04 05:18:11,787 INFO] Step 77000/100000; acc: 98.7; ppl:   2.1; xent: 0.8; lr: 0.00032; sents:  466586; bsz: 4028/2228/58; 45191/24995 tok/s;  56624 sec;
[2025-04-04 05:30:05,162 INFO] Step 78000/100000; acc: 98.7; ppl:   2.1; xent: 0.8; lr: 0.00032; sents:  466452; bsz: 4027/2230/58; 45161/25010 tok/s;  57338 sec;
[2025-04-04 05:34:36,668 INFO] Weighted corpora loaded so far:
			* corpus_1: 64
[2025-04-04 05:35:14,054 INFO] Weighted corpora loaded so far:
			* corpus_1: 64
[2025-04-04 05:42:00,321 INFO] Step 79000/100000; acc: 98.7; ppl:   2.1; xent: 0.8; lr: 0.00031; sents:  467795; bsz: 4027/2234/58; 45047/24987 tok/s;  58053 sec;
[2025-04-04 05:47:58,348 INFO] Weighted corpora loaded so far:
			* corpus_1: 65
[2025-04-04 05:48:36,152 INFO] Weighted corpora loaded so far:
			* corpus_1: 65
[2025-04-04 05:53:53,506 INFO] Step 80000/100000; acc: 98.7; ppl:   2.1; xent: 0.8; lr: 0.00031; sents:  466617; bsz: 4032/2232/58; 45224/25040 tok/s;  58766 sec;
[2025-04-04 05:57:29,250 INFO] valid stats calculation
                           took: 215.74304008483887 s.
[2025-04-04 05:57:29,251 INFO] Train perplexity: 2.31794
[2025-04-04 05:57:29,251 INFO] Train accuracy: 95.6327
[2025-04-04 05:57:29,251 INFO] Sentences processed: 3.73553e+07
[2025-04-04 05:57:29,251 INFO] Average bsz: 4028/2231/58
[2025-04-04 05:57:29,251 INFO] Validation perplexity: 2.2871
[2025-04-04 05:57:29,251 INFO] Validation accuracy: 98.0181
[2025-04-04 05:57:29,253 INFO] Saving checkpoint /home/ubuntu/tmp/nmr-to-structure-lite/003_big_ex-h_mono/lambda/20250403-133350/run/model_step_80000.pt
[2025-04-04 06:04:51,885 INFO] Weighted corpora loaded so far:
			* corpus_1: 66
[2025-04-04 06:05:30,536 INFO] Weighted corpora loaded so far:
			* corpus_1: 66
[2025-04-04 06:09:19,536 INFO] Step 81000/100000; acc: 98.7; ppl:   2.1; xent: 0.8; lr: 0.00031; sents:  467502; bsz: 4026/2228/58; 34784/19246 tok/s;  59692 sec;
[2025-04-04 06:18:15,778 INFO] Weighted corpora loaded so far:
			* corpus_1: 67
[2025-04-04 06:18:51,558 INFO] Weighted corpora loaded so far:
			* corpus_1: 67
[2025-04-04 06:21:12,203 INFO] Step 82000/100000; acc: 98.7; ppl:   2.1; xent: 0.8; lr: 0.00031; sents:  467014; bsz: 4028/2227/58; 45211/25004 tok/s;  60405 sec;
[2025-04-04 06:31:36,000 INFO] Weighted corpora loaded so far:
			* corpus_1: 68
[2025-04-04 06:32:12,933 INFO] Weighted corpora loaded so far:
			* corpus_1: 68
[2025-04-04 06:33:06,602 INFO] Step 83000/100000; acc: 98.7; ppl:   2.1; xent: 0.8; lr: 0.00031; sents:  466253; bsz: 4027/2233/58; 45097/25002 tok/s;  61119 sec;
[2025-04-04 06:44:57,865 INFO] Weighted corpora loaded so far:
			* corpus_1: 69
[2025-04-04 06:45:00,028 INFO] Step 84000/100000; acc: 98.7; ppl:   2.1; xent: 0.8; lr: 0.00030; sents:  466794; bsz: 4028/2231/58; 45170/25021 tok/s;  61833 sec;
[2025-04-04 06:45:37,663 INFO] Weighted corpora loaded so far:
			* corpus_1: 69
[2025-04-04 06:56:52,471 INFO] Step 85000/100000; acc: 98.8; ppl:   2.1; xent: 0.8; lr: 0.00030; sents:  466617; bsz: 4030/2223/58; 45253/24961 tok/s;  62545 sec;
[2025-04-04 06:58:17,361 INFO] Weighted corpora loaded so far:
			* corpus_1: 70
[2025-04-04 06:58:58,311 INFO] Weighted corpora loaded so far:
			* corpus_1: 70
[2025-04-04 07:08:46,337 INFO] Step 86000/100000; acc: 98.8; ppl:   2.1; xent: 0.8; lr: 0.00030; sents:  467330; bsz: 4028/2234/58; 45141/25037 tok/s;  63259 sec;
[2025-04-04 07:11:40,757 INFO] Weighted corpora loaded so far:
			* corpus_1: 71
[2025-04-04 07:12:24,973 INFO] Weighted corpora loaded so far:
			* corpus_1: 71
[2025-04-04 07:20:40,622 INFO] Step 87000/100000; acc: 98.8; ppl:   2.1; xent: 0.8; lr: 0.00030; sents:  465687; bsz: 4027/2228/58; 45102/24948 tok/s;  63973 sec;
[2025-04-04 07:25:04,097 INFO] Weighted corpora loaded so far:
			* corpus_1: 72
[2025-04-04 07:25:45,440 INFO] Weighted corpora loaded so far:
			* corpus_1: 72
[2025-04-04 07:32:36,624 INFO] Step 88000/100000; acc: 98.8; ppl:   2.1; xent: 0.8; lr: 0.00030; sents:  466152; bsz: 4027/2233/58; 44995/24949 tok/s;  64689 sec;
[2025-04-04 07:44:31,208 INFO] Step 89000/100000; acc: 98.8; ppl:   2.1; xent: 0.8; lr: 0.00030; sents:  469449; bsz: 4030/2232/59; 45118/24991 tok/s;  65404 sec;
[2025-04-04 07:51:29,004 INFO] Weighted corpora loaded so far:
			* corpus_1: 73
[2025-04-04 07:52:11,718 INFO] Weighted corpora loaded so far:
			* corpus_1: 73
[2025-04-04 07:56:25,290 INFO] Step 90000/100000; acc: 98.8; ppl:   2.1; xent: 0.8; lr: 0.00029; sents:  466975; bsz: 4025/2233/58; 45095/25022 tok/s;  66118 sec;
[2025-04-04 07:59:58,828 INFO] valid stats calculation
                           took: 213.53723692893982 s.
[2025-04-04 07:59:58,829 INFO] Train perplexity: 2.29762
[2025-04-04 07:59:58,829 INFO] Train accuracy: 95.9798
[2025-04-04 07:59:58,829 INFO] Sentences processed: 4.2025e+07
[2025-04-04 07:59:58,829 INFO] Average bsz: 4028/2231/58
[2025-04-04 07:59:58,830 INFO] Validation perplexity: 2.28769
[2025-04-04 07:59:58,830 INFO] Validation accuracy: 98.0294
[2025-04-04 07:59:58,832 INFO] Saving checkpoint /home/ubuntu/tmp/nmr-to-structure-lite/003_big_ex-h_mono/lambda/20250403-133350/run/model_step_90000.pt
[2025-04-04 08:08:20,051 INFO] Weighted corpora loaded so far:
			* corpus_1: 74
[2025-04-04 08:09:03,441 INFO] Weighted corpora loaded so far:
			* corpus_1: 74
[2025-04-04 08:11:50,242 INFO] Step 91000/100000; acc: 98.8; ppl:   2.1; xent: 0.8; lr: 0.00029; sents:  466444; bsz: 4028/2224/58; 34842/19236 tok/s;  67043 sec;
[2025-04-04 08:21:45,334 INFO] Weighted corpora loaded so far:
			* corpus_1: 75
[2025-04-04 08:22:27,089 INFO] Weighted corpora loaded so far:
			* corpus_1: 75
[2025-04-04 08:23:44,470 INFO] Step 92000/100000; acc: 98.8; ppl:   2.1; xent: 0.8; lr: 0.00029; sents:  467655; bsz: 4029/2234/58; 45126/25023 tok/s;  67757 sec;
[2025-04-04 08:35:06,940 INFO] Weighted corpora loaded so far:
			* corpus_1: 76
[2025-04-04 08:35:38,023 INFO] Step 93000/100000; acc: 98.8; ppl:   2.1; xent: 0.8; lr: 0.00029; sents:  466221; bsz: 4027/2229/58; 45144/24995 tok/s;  68471 sec;
[2025-04-04 08:35:48,324 INFO] Weighted corpora loaded so far:
			* corpus_1: 76
[2025-04-04 08:47:31,216 INFO] Step 94000/100000; acc: 98.8; ppl:   2.1; xent: 0.8; lr: 0.00029; sents:  468007; bsz: 4027/2231/59; 45177/25031 tok/s;  69184 sec;
[2025-04-04 08:48:27,453 INFO] Weighted corpora loaded so far:
			* corpus_1: 77
[2025-04-04 08:49:16,874 INFO] Weighted corpora loaded so far:
			* corpus_1: 77
[2025-04-04 08:59:26,169 INFO] Step 95000/100000; acc: 98.9; ppl:   2.1; xent: 0.8; lr: 0.00029; sents:  465462; bsz: 4028/2232/58; 45072/24975 tok/s;  69899 sec;
[2025-04-04 09:01:50,350 INFO] Weighted corpora loaded so far:
			* corpus_1: 78
[2025-04-04 09:02:35,715 INFO] Weighted corpora loaded so far:
			* corpus_1: 78
[2025-04-04 09:11:19,812 INFO] Step 96000/100000; acc: 98.9; ppl:   2.1; xent: 0.8; lr: 0.00029; sents:  469035; bsz: 4025/2234/59; 45122/25039 tok/s;  70612 sec;
[2025-04-04 09:15:10,789 INFO] Weighted corpora loaded so far:
			* corpus_1: 79
[2025-04-04 09:16:00,508 INFO] Weighted corpora loaded so far:
			* corpus_1: 79
[2025-04-04 09:23:13,707 INFO] Step 97000/100000; acc: 98.9; ppl:   2.1; xent: 0.8; lr: 0.00028; sents:  465436; bsz: 4032/2220/58; 45184/24883 tok/s;  71326 sec;
[2025-04-04 09:28:35,454 INFO] Weighted corpora loaded so far:
			* corpus_1: 80
[2025-04-04 09:29:19,224 INFO] Weighted corpora loaded so far:
			* corpus_1: 80
[2025-04-04 09:35:07,523 INFO] Step 98000/100000; acc: 98.9; ppl:   2.1; xent: 0.8; lr: 0.00028; sents:  467800; bsz: 4026/2245/58; 45125/25158 tok/s;  72040 sec;
[2025-04-04 09:41:54,593 INFO] Weighted corpora loaded so far:
			* corpus_1: 81
[2025-04-04 09:42:40,205 INFO] Weighted corpora loaded so far:
			* corpus_1: 81
[2025-04-04 09:47:00,310 INFO] Step 99000/100000; acc: 98.9; ppl:   2.1; xent: 0.8; lr: 0.00028; sents:  465232; bsz: 4029/2218/58; 45225/24891 tok/s;  72753 sec;
[2025-04-04 09:58:53,346 INFO] Step 100000/100000; acc: 98.9; ppl:   2.1; xent: 0.8; lr: 0.00028; sents:  467368; bsz: 4028/2231/58; 45196/25035 tok/s;  73466 sec;
[2025-04-04 10:02:27,781 INFO] valid stats calculation
                           took: 214.4341881275177 s.
[2025-04-04 10:02:27,782 INFO] Train perplexity: 2.28091
[2025-04-04 10:02:27,782 INFO] Train accuracy: 96.2678
[2025-04-04 10:02:27,782 INFO] Sentences processed: 4.66937e+07
[2025-04-04 10:02:27,782 INFO] Average bsz: 4028/2230/58
[2025-04-04 10:02:27,782 INFO] Validation perplexity: 2.28715
[2025-04-04 10:02:27,782 INFO] Validation accuracy: 98.0925
[2025-04-04 10:02:27,784 INFO] Saving checkpoint /home/ubuntu/tmp/nmr-to-structure-lite/003_big_ex-h_mono/lambda/20250403-133350/run/model_step_100000.pt
